  Source.cpp
D:\Project\Project5.5\Project5.5\Source.cpp(22,18): warning C4566: character represented by universal-character-name '\u0412' cannot be represented in the current code page (1252)
D:\Project\Project5.5\Project5.5\Source.cpp(22,18): warning C4566: character represented by universal-character-name '\u0432' cannot be represented in the current code page (1252)
D:\Project\Project5.5\Project5.5\Source.cpp(22,18): warning C4566: character represented by universal-character-name '\u0435' cannot be represented in the current code page (1252)
D:\Project\Project5.5\Project5.5\Source.cpp(22,18): warning C4566: character represented by universal-character-name '\u0434' cannot be represented in the current code page (1252)
D:\Project\Project5.5\Project5.5\Source.cpp(22,18): warning C4566: character represented by universal-character-name '\u0456' cannot be represented in the current code page (1252)
D:\Project\Project5.5\Project5.5\Source.cpp(22,18): warning C4566: character represented by universal-character-name '\u0442' cannot be represented in the current code page (1252)
D:\Project\Project5.5\Project5.5\Source.cpp(22,18): warning C4566: character represented by universal-character-name '\u044C' cannot be represented in the current code page (1252)
D:\Project\Project5.5\Project5.5\Source.cpp(22,18): warning C4566: character represented by universal-character-name '\u0447' cannot be represented in the current code page (1252)
D:\Project\Project5.5\Project5.5\Source.cpp(22,18): warning C4566: character represented by universal-character-name '\u0438' cannot be represented in the current code page (1252)
D:\Project\Project5.5\Project5.5\Source.cpp(22,18): warning C4566: character represented by universal-character-name '\u0441' cannot be represented in the current code page (1252)
D:\Project\Project5.5\Project5.5\Source.cpp(22,18): warning C4566: character represented by universal-character-name '\u043B' cannot be represented in the current code page (1252)
D:\Project\Project5.5\Project5.5\Source.cpp(22,18): warning C4566: character represented by universal-character-name '\u043E' cannot be represented in the current code page (1252)
D:\Project\Project5.5\Project5.5\Source.cpp(29,18): warning C4566: character represented by universal-character-name '\u041A' cannot be represented in the current code page (1252)
D:\Project\Project5.5\Project5.5\Source.cpp(29,18): warning C4566: character represented by universal-character-name '\u0456' cannot be represented in the current code page (1252)
D:\Project\Project5.5\Project5.5\Source.cpp(29,18): warning C4566: character represented by universal-character-name '\u043B' cannot be represented in the current code page (1252)
D:\Project\Project5.5\Project5.5\Source.cpp(29,18): warning C4566: character represented by universal-character-name '\u044C' cannot be represented in the current code page (1252)
D:\Project\Project5.5\Project5.5\Source.cpp(29,18): warning C4566: character represented by universal-character-name '\u043A' cannot be represented in the current code page (1252)
D:\Project\Project5.5\Project5.5\Source.cpp(29,18): warning C4566: character represented by universal-character-name '\u0441' cannot be represented in the current code page (1252)
D:\Project\Project5.5\Project5.5\Source.cpp(29,18): warning C4566: character represented by universal-character-name '\u0442' cannot be represented in the current code page (1252)
D:\Project\Project5.5\Project5.5\Source.cpp(29,18): warning C4566: character represented by universal-character-name '\u043E' cannot be represented in the current code page (1252)
D:\Project\Project5.5\Project5.5\Source.cpp(29,18): warning C4566: character represented by universal-character-name '\u0434' cannot be represented in the current code page (1252)
D:\Project\Project5.5\Project5.5\Source.cpp(29,18): warning C4566: character represented by universal-character-name '\u0438' cannot be represented in the current code page (1252)
D:\Project\Project5.5\Project5.5\Source.cpp(29,18): warning C4566: character represented by universal-character-name '\u043D' cannot be represented in the current code page (1252)
D:\Project\Project5.5\Project5.5\Source.cpp(29,18): warning C4566: character represented by universal-character-name '\u0446' cannot be represented in the current code page (1252)
D:\Project\Project5.5\Project5.5\Source.cpp(29,18): warning C4566: character represented by universal-character-name '\u0432' cannot be represented in the current code page (1252)
D:\Project\Project5.5\Project5.5\Source.cpp(29,18): warning C4566: character represented by universal-character-name '\u0439' cannot be represented in the current code page (1252)
D:\Project\Project5.5\Project5.5\Source.cpp(29,18): warning C4566: character represented by universal-character-name '\u043C' cannot be represented in the current code page (1252)
D:\Project\Project5.5\Project5.5\Source.cpp(29,18): warning C4566: character represented by universal-character-name '\u0443' cannot be represented in the current code page (1252)
D:\Project\Project5.5\Project5.5\Source.cpp(29,18): warning C4566: character represented by universal-character-name '\u043F' cannot be represented in the current code page (1252)
D:\Project\Project5.5\Project5.5\Source.cpp(29,18): warning C4566: character represented by universal-character-name '\u0440' cannot be represented in the current code page (1252)
D:\Project\Project5.5\Project5.5\Source.cpp(29,18): warning C4566: character represented by universal-character-name '\u0435' cannot be represented in the current code page (1252)
D:\Project\Project5.5\Project5.5\Source.cpp(29,18): warning C4566: character represented by universal-character-name '\u0430' cannot be represented in the current code page (1252)
D:\Project\Project5.5\Project5.5\Source.cpp(29,18): warning C4566: character represented by universal-character-name '\u0447' cannot be represented in the current code page (1252)
D:\Project\Project5.5\Project5.5\Source.cpp(29,125): warning C4566: character represented by universal-character-name '\u0434' cannot be represented in the current code page (1252)
D:\Project\Project5.5\Project5.5\Source.cpp(29,125): warning C4566: character represented by universal-character-name '\u043E' cannot be represented in the current code page (1252)
D:\Project\Project5.5\Project5.5\Source.cpp(29,125): warning C4566: character represented by universal-character-name '\u0440' cannot be represented in the current code page (1252)
D:\Project\Project5.5\Project5.5\Source.cpp(29,125): warning C4566: character represented by universal-character-name '\u0456' cannot be represented in the current code page (1252)
D:\Project\Project5.5\Project5.5\Source.cpp(29,125): warning C4566: character represented by universal-character-name '\u0432' cannot be represented in the current code page (1252)
D:\Project\Project5.5\Project5.5\Source.cpp(29,125): warning C4566: character represented by universal-character-name '\u043D' cannot be represented in the current code page (1252)
D:\Project\Project5.5\Project5.5\Source.cpp(29,125): warning C4566: character represented by universal-character-name '\u044E' cannot be represented in the current code page (1252)
D:\Project\Project5.5\Project5.5\Source.cpp(29,125): warning C4566: character represented by universal-character-name '\u0454' cannot be represented in the current code page (1252)
D:\Project\Project5.5\Project5.5\Source.cpp(30,18): warning C4566: character represented by universal-character-name '\u0413' cannot be represented in the current code page (1252)
D:\Project\Project5.5\Project5.5\Source.cpp(30,18): warning C4566: character represented by universal-character-name '\u043B' cannot be represented in the current code page (1252)
D:\Project\Project5.5\Project5.5\Source.cpp(30,18): warning C4566: character represented by universal-character-name '\u0438' cannot be represented in the current code page (1252)
D:\Project\Project5.5\Project5.5\Source.cpp(30,18): warning C4566: character represented by universal-character-name '\u0431' cannot be represented in the current code page (1252)
D:\Project\Project5.5\Project5.5\Source.cpp(30,18): warning C4566: character represented by universal-character-name '\u043D' cannot be represented in the current code page (1252)
D:\Project\Project5.5\Project5.5\Source.cpp(30,18): warning C4566: character represented by universal-character-name '\u0430' cannot be represented in the current code page (1252)
D:\Project\Project5.5\Project5.5\Source.cpp(30,18): warning C4566: character represented by universal-character-name '\u0440' cannot be represented in the current code page (1252)
D:\Project\Project5.5\Project5.5\Source.cpp(30,18): warning C4566: character represented by universal-character-name '\u0435' cannot be represented in the current code page (1252)
D:\Project\Project5.5\Project5.5\Source.cpp(30,18): warning C4566: character represented by universal-character-name '\u043A' cannot be represented in the current code page (1252)
D:\Project\Project5.5\Project5.5\Source.cpp(30,18): warning C4566: character represented by universal-character-name '\u0443' cannot be represented in the current code page (1252)
D:\Project\Project5.5\Project5.5\Source.cpp(30,18): warning C4566: character represented by universal-character-name '\u0441' cannot be represented in the current code page (1252)
D:\Project\Project5.5\Project5.5\Source.cpp(30,18): warning C4566: character represented by universal-character-name '\u0456' cannot be represented in the current code page (1252)
D:\Project\Project5.5\Project5.5\Source.cpp(30,18): warning C4566: character represented by universal-character-name '\u0457' cannot be represented in the current code page (1252)
  Project5.5.vcxproj -> D:\Project\Project5.5\Debug\Project5.5.exe
